<?xml version="1.0" encoding="UTF-8"?>
<!-- Generated by org.testng.reporters.JUnitXMLReporter -->
<testsuite ignored="0" hostname="Penubolu" failures="0" tests="7" name="Test" time="80.608" errors="0" timestamp="2022-08-03T23:56:19 SGT">
  <testcase classname="testCases.LoginTest" name="loginTest" time="1.896"/>
  <testcase classname="testCases.LoginDDT" name="loginDDT" time="2.872"/>
  <testcase classname="testCases.LoginDDT" name="loginDDT" time="1.773"/>
  <testcase classname="testCases.LoginDDT" name="loginDDT" time="1.725"/>
  <testcase classname="testCases.LoginDDT" name="loginDDT" time="2.057"/>
  <testcase classname="testCases.AddCustomerTest" name="addNewCustomer" time="20.72"/>
  <testcase classname="testCases.EditCustomerTest" name="editCustomer" time="26.705"/>
</testsuite> <!-- Test -->
