<?xml version="1.0" encoding="UTF-8"?>
<!-- Generated by org.testng.reporters.JUnitXMLReporter -->
<testsuite ignored="0" hostname="Penubolu" failures="0" tests="7" name="Test" time="96.412" errors="0" timestamp="2022-08-09T11:10:50 SGT">
  <testcase classname="testCases.LoginTest" name="loginTest" time="1.638"/>
  <testcase classname="testCases.LoginDDT" name="loginDDT" time="4.469"/>
  <testcase classname="testCases.LoginDDT" name="loginDDT" time="1.854"/>
  <testcase classname="testCases.LoginDDT" name="loginDDT" time="1.81"/>
  <testcase classname="testCases.LoginDDT" name="loginDDT" time="1.947"/>
  <testcase classname="testCases.AddCustomerTest" name="addNewCustomer" time="24.171"/>
  <testcase classname="testCases.EditCustomerTest" name="editCustomer" time="29.975"/>
</testsuite> <!-- Test -->
