<?xml version="1.0" encoding="UTF-8"?>
<testng-results ignored="0" total="7" passed="7" failed="0" skipped="0">
  <reporter-output>
  </reporter-output>
  <suite started-at="2022-08-03T23:54:58 SGT" name="Suite" finished-at="2022-08-03T23:56:19 SGT" duration-ms="80608">
    <groups>
    </groups>
    <test started-at="2022-08-03T23:54:58 SGT" name="Test" finished-at="2022-08-03T23:56:19 SGT" duration-ms="80608">
      <class name="testCases.AddCustomerTest">
        <test-method is-config="true" signature="setUP()[pri:0, instance:testCases.AddCustomerTest@7dfd3c81]" started-at="2022-08-03T23:55:21 SGT" name="setUP" finished-at="2022-08-03T23:55:26 SGT" duration-ms="4593" status="PASS">
          <reporter-output>
          </reporter-output>
        </test-method> <!-- setUP -->
        <test-method signature="addNewCustomer()[pri:0, instance:testCases.AddCustomerTest@7dfd3c81]" started-at="2022-08-03T23:55:26 SGT" name="addNewCustomer" finished-at="2022-08-03T23:55:47 SGT" duration-ms="20720" status="PASS">
          <reporter-output>
          </reporter-output>
        </test-method> <!-- addNewCustomer -->
        <test-method is-config="true" signature="tearDown()[pri:0, instance:testCases.AddCustomerTest@7dfd3c81]" started-at="2022-08-03T23:55:47 SGT" name="tearDown" finished-at="2022-08-03T23:55:47 SGT" duration-ms="323" status="PASS">
          <reporter-output>
          </reporter-output>
        </test-method> <!-- tearDown -->
      </class> <!-- testCases.AddCustomerTest -->
      <class name="testCases.EditCustomerTest">
        <test-method is-config="true" signature="setUP()[pri:0, instance:testCases.EditCustomerTest@2584b82d]" started-at="2022-08-03T23:55:47 SGT" name="setUP" finished-at="2022-08-03T23:55:52 SGT" duration-ms="4957" status="PASS">
          <reporter-output>
          </reporter-output>
        </test-method> <!-- setUP -->
        <test-method signature="editCustomer()[pri:0, instance:testCases.EditCustomerTest@2584b82d]" started-at="2022-08-03T23:55:52 SGT" name="editCustomer" finished-at="2022-08-03T23:56:19 SGT" duration-ms="26705" status="PASS">
          <reporter-output>
          </reporter-output>
        </test-method> <!-- editCustomer -->
        <test-method is-config="true" signature="tearDown()[pri:0, instance:testCases.EditCustomerTest@2584b82d]" started-at="2022-08-03T23:56:19 SGT" name="tearDown" finished-at="2022-08-03T23:56:19 SGT" duration-ms="272" status="PASS">
          <reporter-output>
          </reporter-output>
        </test-method> <!-- tearDown -->
      </class> <!-- testCases.EditCustomerTest -->
      <class name="testCases.LoginTest">
        <test-method is-config="true" signature="setUP()[pri:0, instance:testCases.LoginTest@475c9c31]" started-at="2022-08-03T23:54:58 SGT" name="setUP" finished-at="2022-08-03T23:55:05 SGT" duration-ms="6200" status="PASS">
          <reporter-output>
          </reporter-output>
        </test-method> <!-- setUP -->
        <test-method signature="loginTest()[pri:0, instance:testCases.LoginTest@475c9c31]" started-at="2022-08-03T23:55:05 SGT" name="loginTest" finished-at="2022-08-03T23:55:06 SGT" duration-ms="1896" status="PASS">
          <reporter-output>
          </reporter-output>
        </test-method> <!-- loginTest -->
        <test-method is-config="true" signature="tearDown()[pri:0, instance:testCases.LoginTest@475c9c31]" started-at="2022-08-03T23:55:06 SGT" name="tearDown" finished-at="2022-08-03T23:55:07 SGT" duration-ms="628" status="PASS">
          <reporter-output>
          </reporter-output>
        </test-method> <!-- tearDown -->
      </class> <!-- testCases.LoginTest -->
      <class name="testCases.LoginDDT">
        <test-method is-config="true" signature="setUP()[pri:0, instance:testCases.LoginDDT@6a4f1a55]" started-at="2022-08-03T23:55:07 SGT" name="setUP" finished-at="2022-08-03T23:55:12 SGT" duration-ms="4674" status="PASS">
          <reporter-output>
          </reporter-output>
        </test-method> <!-- setUP -->
        <test-method signature="loginDDT(java.lang.String,java.lang.String,java.lang.String)[pri:0, instance:testCases.LoginDDT@6a4f1a55]" started-at="2022-08-03T23:55:13 SGT" name="loginDDT" data-provider="LoginData" finished-at="2022-08-03T23:55:16 SGT" duration-ms="2872" status="PASS">
          <params>
            <param index="0">
              <value>
                <![CDATA[mngr429138]]>
              </value>
            </param>
            <param index="1">
              <value>
                <![CDATA[nEnasYh]]>
              </value>
            </param>
            <param index="2">
              <value>
                <![CDATA[Valid]]>
              </value>
            </param>
          </params>
          <reporter-output>
          </reporter-output>
        </test-method> <!-- loginDDT -->
        <test-method signature="loginDDT(java.lang.String,java.lang.String,java.lang.String)[pri:0, instance:testCases.LoginDDT@6a4f1a55]" started-at="2022-08-03T23:55:16 SGT" name="loginDDT" data-provider="LoginData" finished-at="2022-08-03T23:55:17 SGT" duration-ms="1773" status="PASS">
          <params>
            <param index="0">
              <value>
                <![CDATA[mngr421582]]>
              </value>
            </param>
            <param index="1">
              <value>
                <![CDATA[YzUqasu]]>
              </value>
            </param>
            <param index="2">
              <value>
                <![CDATA[Invalid]]>
              </value>
            </param>
          </params>
          <reporter-output>
          </reporter-output>
        </test-method> <!-- loginDDT -->
        <test-method signature="loginDDT(java.lang.String,java.lang.String,java.lang.String)[pri:0, instance:testCases.LoginDDT@6a4f1a55]" started-at="2022-08-03T23:55:17 SGT" name="loginDDT" data-provider="LoginData" finished-at="2022-08-03T23:55:19 SGT" duration-ms="1725" status="PASS">
          <params>
            <param index="0">
              <value>
                <![CDATA[mngr406017]]>
              </value>
            </param>
            <param index="1">
              <value>
                <![CDATA[gasyqAp]]>
              </value>
            </param>
            <param index="2">
              <value>
                <![CDATA[Invalid]]>
              </value>
            </param>
          </params>
          <reporter-output>
          </reporter-output>
        </test-method> <!-- loginDDT -->
        <test-method signature="loginDDT(java.lang.String,java.lang.String,java.lang.String)[pri:0, instance:testCases.LoginDDT@6a4f1a55]" started-at="2022-08-03T23:55:19 SGT" name="loginDDT" data-provider="LoginData" finished-at="2022-08-03T23:55:21 SGT" duration-ms="2057" status="PASS">
          <params>
            <param index="0">
              <value>
                <![CDATA[mngr45634]]>
              </value>
            </param>
            <param index="1">
              <value>
                <![CDATA[fdfdfgdf]]>
              </value>
            </param>
            <param index="2">
              <value>
                <![CDATA[Invalid]]>
              </value>
            </param>
          </params>
          <reporter-output>
          </reporter-output>
        </test-method> <!-- loginDDT -->
        <test-method is-config="true" signature="tearDown()[pri:0, instance:testCases.LoginDDT@6a4f1a55]" started-at="2022-08-03T23:55:21 SGT" name="tearDown" finished-at="2022-08-03T23:55:21 SGT" duration-ms="262" status="PASS">
          <reporter-output>
          </reporter-output>
        </test-method> <!-- tearDown -->
      </class> <!-- testCases.LoginDDT -->
    </test> <!-- Test -->
  </suite> <!-- Suite -->
</testng-results>
